Build started 2017/5/5 11:38:56.
     1>Project "F:\git\paper1st\Code\Code\CmLib\CmLib.vcxproj" on node 3 (Build target(s)).
     1>ClCompile:
         C:\Program Files (x86)\Microsoft Visual Studio 12.0\VC\bin\CL.exe /c /ZI /nologo /W3 /WX- /sdl /Od /Oy- /D WIN32 /D _DEBUG /D _LIB /D _CRT_SECURE_NO_WARNINGS /D _MBCS /Gm /EHsc /RTC1 /MDd /GS /fp:precise /Zc:wchar_t /Zc:forScope /Yc"stdafx.h" /Fp"Debug\CmLib.pch" /Fo"Debug\\" /Fd"Debug\vc120.pdb" /Gd /TP /analyze- /errorReport:prompt stdafx.cpp
         stdafx.cpp
     1>f:\git\paper1st\code\code\cmlib\cmlib.h(40): fatal error C1083: Cannot open include file: 'opencv2/opencv.hpp': No such file or directory
     1>Done Building Project "F:\git\paper1st\Code\Code\CmLib\CmLib.vcxproj" (Build target(s)) -- FAILED.

Build FAILED.

Time Elapsed 00:00:01.19
